0 info it worked if it ends with ok
1 verbose cli [ '/home/ubuntu/.nvm/versions/node/v6.0.0/bin/node',
1 verbose cli   '/home/ubuntu/.nvm/versions/node/v6.0.0/bin/npm',
1 verbose cli   'bugs' ]
2 info using npm@3.8.6
3 info using node@v6.0.0
4 silly fetchPackageMetaData .
5 silly fetchOtherPackageData .
6 silly cache add args [ '.', null ]
7 verbose cache add spec .
8 silly cache add parsed spec Result {
8 silly cache add   raw: '.',
8 silly cache add   scope: null,
8 silly cache add   name: null,
8 silly cache add   rawSpec: '.',
8 silly cache add   spec: '/home/ubuntu/workspace',
8 silly cache add   type: 'local' }
9 error addLocal Could not install /home/ubuntu/workspace
10 silly fetchPackageMetaData Error: EISDIR: illegal operation on a directory, read
10 silly fetchPackageMetaData     at Error (native)
10 silly fetchPackageMetaData  error for . { Error: EISDIR: illegal operation on a directory, read
10 silly fetchPackageMetaData     at Error (native) errno: -21, code: 'EISDIR', syscall: 'read' }
11 verbose stack Error: EISDIR: illegal operation on a directory, read
11 verbose stack     at Error (native)
12 verbose cwd /home/ubuntu/workspace
13 error Linux 4.9.17-c9
14 error argv "/home/ubuntu/.nvm/versions/node/v6.0.0/bin/node" "/home/ubuntu/.nvm/versions/node/v6.0.0/bin/npm" "bugs"
15 error node v6.0.0
16 error npm  v3.8.6
17 error code EISDIR
18 error errno -21
19 error syscall read
20 error eisdir EISDIR: illegal operation on a directory, read
21 error eisdir This is most likely not a problem with npm itself
21 error eisdir and is related to npm not being able to find a package.json in
21 error eisdir a package you are trying to install.
22 verbose exit [ -21, true ]
